<?xml version="1.0" encoding="UTF-8"?>
<coverage generated="1671005157034" clover="3.2.0">
  <project timestamp="1671005157035" name="All files">
    <metrics statements="19" coveredstatements="19" conditionals="4" coveredconditionals="4" methods="8" coveredmethods="8" elements="31" coveredelements="31" complexity="0" loc="19" ncloc="19" packages="1" files="4" classes="4"/>
    <file name="calculator.js" path="D:\0 Microverse\2022-12-13-Testing-Practice\Testing-Practice\calculator.js">
      <metrics statements="7" coveredstatements="7" conditionals="0" coveredconditionals="0" methods="5" coveredmethods="5"/>
      <line num="3" count="3" type="stmt"/>
      <line num="4" count="3" type="stmt"/>
      <line num="7" count="3" type="stmt"/>
      <line num="10" count="3" type="stmt"/>
      <line num="13" count="3" type="stmt"/>
      <line num="16" count="3" type="stmt"/>
      <line num="20" count="1" type="stmt"/>
    </file>
    <file name="capitalize.js" path="D:\0 Microverse\2022-12-13-Testing-Practice\Testing-Practice\capitalize.js">
      <metrics statements="4" coveredstatements="4" conditionals="0" coveredconditionals="0" methods="1" coveredmethods="1"/>
      <line num="1" count="1" type="stmt"/>
      <line num="2" count="2" type="stmt"/>
      <line num="5" count="1" type="stmt"/>
      <line num="7" count="1" type="stmt"/>
    </file>
    <file name="reverseString.js" path="D:\0 Microverse\2022-12-13-Testing-Practice\Testing-Practice\reverseString.js">
      <metrics statements="3" coveredstatements="3" conditionals="0" coveredconditionals="0" methods="1" coveredmethods="1"/>
      <line num="1" count="1" type="stmt"/>
      <line num="2" count="1" type="stmt"/>
      <line num="5" count="1" type="stmt"/>
    </file>
    <file name="stringLength.js" path="D:\0 Microverse\2022-12-13-Testing-Practice\Testing-Practice\stringLength.js">
      <metrics statements="5" coveredstatements="5" conditionals="4" coveredconditionals="4" methods="1" coveredmethods="1"/>
      <line num="1" count="1" type="stmt"/>
      <line num="2" count="4" type="cond" truecount="4" falsecount="0"/>
      <line num="3" count="2" type="stmt"/>
      <line num="4" count="2" type="stmt"/>
      <line num="7" count="1" type="stmt"/>
    </file>
  </project>
</coverage>
